[debug] [2019-04-13T19:23:55.229Z] ----------------------------------------------------------------------
[debug] [2019-04-13T19:23:55.239Z] Command:       /usr/local/bin/node /usr/local/bin/firebase serve --only functions
[debug] [2019-04-13T19:23:55.243Z] CLI Version:   6.6.0
[debug] [2019-04-13T19:23:55.244Z] Platform:      darwin
[debug] [2019-04-13T19:23:55.244Z] Node Version:  v10.13.0
[debug] [2019-04-13T19:23:55.268Z] Time:          Sat Apr 13 2019 14:23:55 GMT-0500 (Central Daylight Time)
[debug] [2019-04-13T19:23:55.269Z] ----------------------------------------------------------------------
[debug] 
[debug] [2019-04-13T19:23:55.344Z] > command requires scopes: ["email","openid","https://www.googleapis.com/auth/cloudplatformprojects.readonly","https://www.googleapis.com/auth/firebase","https://www.googleapis.com/auth/cloud-platform"]
[debug] [2019-04-13T19:23:55.345Z] > authorizing via signed-in user
[debug] [2019-04-13T19:23:55.345Z] [iam] checking project vertasbackend for permissions ["firebase.projects.get"]
[debug] [2019-04-13T19:23:55.351Z] >>> HTTP REQUEST POST https://cloudresourcemanager.googleapis.com/v1/projects/vertasbackend:testIamPermissions  

[debug] [2019-04-13T19:23:55.744Z] <<< HTTP RESPONSE 200
[debug] [2019-04-13T19:23:55.747Z] >>> HTTP REQUEST GET https://cloudresourcemanager.googleapis.com/v1/projects/vertasbackend  
 
[debug] [2019-04-13T19:23:55.912Z] <<< HTTP RESPONSE 200
[info] 
[info] === Serving from '/Users/vungoclan/VertasNews/vue-firebase'...
[info] 
[info] i  functions: Preparing to emulate functions.
[debug] [2019-04-13T19:24:00.865Z] Fetching environment
[debug] [2019-04-13T19:24:01.215Z] Error: EACCES: permission denied, open '/Users/vungoclan/.config/gcloud/application_default_credentials.json'
    at Object.openSync (fs.js:436:3)
    at Object.writeFileSync (fs.js:1187:35)
    at module.exports (/usr/local/lib/node_modules/firebase-tools/lib/ensureDefaultCredentials.js:28:8)
    at FunctionsEmulator.start (/usr/local/lib/node_modules/firebase-tools/lib/functionsEmulator.js:106:5)
    at Object.start (/usr/local/lib/node_modules/firebase-tools/lib/serve/functions.js:7:33)
    at /usr/local/lib/node_modules/firebase-tools/lib/serve/index.js:15:23
    at arrayMap (/usr/local/lib/node_modules/firebase-tools/node_modules/lodash/lodash.js:639:23)
    at Function.map (/usr/local/lib/node_modules/firebase-tools/node_modules/lodash/lodash.js:9556:14)
    at _serve (/usr/local/lib/node_modules/firebase-tools/lib/serve/index.js:13:26)
    at Command.module.exports.Command.description.option.option.option.option.before.action [as _action] (/usr/local/lib/node_modules/firebase-tools/lib/commands/serve.js:55:12)
[error] 
[error] Error: An unexpected error has occurred.
